mode: set
taskManagerServices/models/tasks.go:17.63,19.16 2 1
taskManagerServices/models/tasks.go:22.2,24.16 3 1
taskManagerServices/models/tasks.go:27.2,27.17 1 1
taskManagerServices/models/tasks.go:19.16,21.3 1 0
taskManagerServices/models/tasks.go:24.16,26.3 1 0
taskManagerServices/models/tasks.go:30.74,32.16 2 0
taskManagerServices/models/tasks.go:37.2,37.37 1 0
taskManagerServices/models/tasks.go:47.2,47.13 1 0
taskManagerServices/models/tasks.go:32.16,35.3 2 0
taskManagerServices/models/tasks.go:37.37,42.17 5 0
taskManagerServices/models/tasks.go:42.17,45.4 2 0
taskManagerServices/models/tasks.go:50.70,52.16 2 0
taskManagerServices/models/tasks.go:55.2,56.20 2 0
taskManagerServices/models/tasks.go:52.16,54.3 1 0
taskManagerServices/models/task.go:19.68,21.16 2 1
taskManagerServices/models/task.go:25.2,25.12 1 1
taskManagerServices/models/task.go:21.16,24.3 2 1
taskManagerServices/models/task.go:28.68,30.16 2 1
taskManagerServices/models/task.go:34.2,34.12 1 1
taskManagerServices/models/task.go:30.16,33.3 2 1
taskManagerServices/models/task.go:37.70,39.16 2 1
taskManagerServices/models/task.go:43.2,43.12 1 1
taskManagerServices/models/task.go:39.16,42.3 2 1
